SF:lib/data/datasources/cache_adapter.dart
DA:6,1
DA:10,1
DA:13,2
DA:15,0
DA:16,1
DA:17,1
DA:21,1
DA:24,2
DA:25,1
DA:26,1
LF:10
LH:9
end_of_record
SF:lib/data/datasources/http_adapter.dart
DA:9,1
DA:17,1
DA:25,1
DA:26,1
DA:27,2
DA:28,1
DA:31,1
DA:32,4
DA:33,4
DA:36,1
DA:38,0
DA:39,0
DA:41,1
DA:44,1
DA:45,2
DA:46,1
DA:47,3
DA:48,0
DA:49,0
DA:50,0
DA:51,0
DA:52,0
LF:22
LH:15
end_of_record
SF:lib/data/helpers/api_helper.dart
DA:4,1
DA:5,2
DA:6,1
DA:8,1
DA:11,1
DA:13,1
DA:17,1
DA:21,1
DA:23,1
DA:27,3
DA:30,1
LF:11
LH:11
end_of_record
SF:lib/data/helpers/date_time_extensions.dart
DA:3,1
DA:4,2
DA:5,1
DA:6,4
LF:4
LH:4
end_of_record
SF:lib/data/http/http_method.dart
DA:4,2
DA:6,2
DA:7,2
LF:3
LH:3
end_of_record
SF:lib/data/storage/storage_failures.dart
DA:4,1
DA:5,3
DA:12,3
DA:16,3
LF:4
LH:4
end_of_record
SF:lib/domain/entity/last_modified_mixin.dart
DA:5,1
DA:6,1
DA:9,1
DA:10,2
DA:12,1
DA:13,2
DA:15,4
DA:16,4
DA:18,4
DA:19,4
DA:21,6
LF:11
LH:11
end_of_record
SF:lib/domain/entity/entity_protocol.dart
DA:4,0
DA:5,0
LF:2
LH:0
end_of_record
SF:lib/domain/usecase/connection_handle_decorator.dart
DA:9,1
DA:21,1
DA:24,2
DA:26,2
DA:27,2
DA:28,2
DA:29,3
LF:7
LH:7
end_of_record
SF:lib/domain/usecase/usecase_protocol.dart
DA:8,0
DA:9,0
LF:2
LH:0
end_of_record
SF:lib/domain/usecase/error_handle_decorator.dart
DA:4,1
DA:7,1
DA:10,2
DA:12,2
DA:13,1
LF:5
LH:5
end_of_record
