SF:lib/data/mapper/geolocation_mapper.dart
DA:4,2
DA:13,2
DA:14,1
DA:15,6
DA:16,2
DA:17,4
DA:18,4
DA:19,4
DA:20,4
DA:21,4
DA:22,4
DA:32,2
DA:34,2
DA:35,2
DA:36,2
DA:37,2
DA:38,2
DA:39,2
DA:40,2
DA:41,6
DA:47,0
DA:48,0
DA:49,0
DA:50,0
DA:51,0
DA:52,0
DA:53,0
DA:54,0
DA:59,4
DA:60,1
DA:61,1
DA:62,1
DA:63,1
DA:64,1
DA:65,1
DA:66,1
DA:67,1
LF:37
LH:29
end_of_record
SF:lib/data/usecases/locally_geolocate_city.dart
DA:8,0
DA:12,0
DA:14,0
DA:15,0
DA:16,0
DA:17,0
LF:6
LH:0
end_of_record
SF:lib/data/usecases/remotely_geolocate_city.dart
DA:8,1
DA:16,1
DA:18,2
DA:19,1
DA:20,1
DA:21,3
DA:24,2
DA:25,5
DA:26,8
DA:27,1
LF:10
LH:10
end_of_record
SF:lib/domain/entities/geolocation.dart
DA:4,2
DA:12,2
DA:13,2
DA:14,2
DA:15,0
DA:16,5
DA:17,5
DA:27,2
DA:28,6
DA:31,2
DA:32,6
DA:35,0
DA:37,1
DA:38,6
LF:14
LH:12
end_of_record
SF:lib/domain/input_objects/geolocation_input.dart
DA:4,1
DA:12,0
DA:13,0
DA:15,4
DA:17,0
LF:5
LH:2
end_of_record
