SF:lib/data/mapper/geolocation_mapper.dart
DA:4,3
DA:13,3
DA:14,1
DA:15,9
DA:16,3
DA:17,6
DA:18,6
DA:19,6
DA:20,5
DA:21,6
DA:22,6
DA:32,6
DA:34,3
DA:35,3
DA:36,3
DA:37,3
DA:38,3
DA:39,3
DA:40,3
DA:41,9
DA:47,2
DA:48,1
DA:49,1
DA:50,1
DA:51,1
DA:52,1
DA:53,1
DA:54,1
DA:59,8
DA:60,2
DA:61,2
DA:62,2
DA:63,2
DA:64,2
DA:65,2
DA:66,2
DA:67,2
LF:37
LH:37
end_of_record
SF:lib/data/usecases/locally_geolocate_city.dart
DA:8,1
DA:12,1
DA:14,3
DA:15,1
DA:16,5
DA:17,1
LF:6
LH:6
end_of_record
SF:lib/data/usecases/remotely_geolocate_city.dart
DA:8,1
DA:16,1
DA:18,2
DA:19,1
DA:20,1
DA:21,3
DA:24,2
DA:25,5
DA:26,8
DA:27,1
LF:10
LH:10
end_of_record
SF:lib/domain/entities/geolocation.dart
DA:4,4
DA:12,4
DA:13,4
DA:14,4
DA:15,0
DA:16,9
DA:17,9
DA:27,4
DA:28,12
DA:31,4
DA:32,12
DA:35,0
DA:37,1
DA:38,6
LF:14
LH:12
end_of_record
SF:lib/domain/input_objects/geolocation_input.dart
DA:4,2
DA:12,0
DA:13,0
DA:15,8
LF:4
LH:2
end_of_record
