SF:lib/domain/entities/weather_forecast.dart
DA:6,10
DA:13,10
DA:15,0
DA:16,0
DA:17,0
DA:18,0
DA:20,0
DA:21,0
DA:30,0
DA:31,0
LF:10
LH:2
end_of_record
SF:lib/domain/input_objects/weather_fetching_input.dart
DA:4,7
DA:16,0
DA:17,0
DA:19,20
DA:21,0
LF:5
LH:2
end_of_record
SF:lib/data/extensions/date_extensions.dart
DA:4,12
DA:5,12
DA:6,12
DA:8,12
DA:9,24
DA:11,12
LF:6
LH:6
end_of_record
SF:lib/data/helpers/weather_constants.dart
DA:4,2
DA:5,1
LF:2
LH:2
end_of_record
SF:lib/data/mapper/weather_forecast_mapper.dart
DA:4,5
DA:11,10
DA:13,5
DA:14,5
DA:15,10
DA:16,15
DA:17,15
DA:19,15
DA:20,15
DA:31,2
DA:33,1
DA:34,1
DA:35,1
DA:36,1
DA:37,1
DA:38,1
DA:39,1
DA:40,0
DA:44,6
DA:45,6
DA:46,15
DA:47,3
DA:48,6
DA:50,9
DA:55,5
DA:56,5
DA:57,5
DA:58,5
DA:59,5
DA:60,5
DA:61,5
DA:62,5
DA:68,10
LF:33
LH:32
end_of_record
SF:lib/data/usecases/locally_fetch_current_weather.dart
DA:8,1
DA:12,1
DA:14,3
DA:15,1
DA:16,2
LF:5
LH:5
end_of_record
SF:lib/data/usecases/locally_fetch_weather_forecast.dart
DA:8,1
DA:12,1
DA:14,4
DA:16,1
DA:17,2
DA:19,3
DA:21,1
DA:22,1
LF:8
LH:8
end_of_record
SF:lib/data/usecases/remotely_fetch_current_weather.dart
DA:8,1
DA:13,1
DA:14,2
DA:15,1
DA:16,1
DA:17,1
DA:18,2
DA:19,2
DA:20,1
DA:24,2
DA:25,1
DA:26,5
DA:27,1
LF:13
LH:13
end_of_record
SF:lib/data/usecases/remotely_fetch_weather_forecast.dart
DA:8,1
DA:12,1
DA:13,2
DA:14,1
DA:15,1
DA:16,1
DA:17,2
DA:18,2
DA:19,1
DA:23,2
DA:24,1
DA:25,4
DA:26,2
DA:27,2
DA:28,7
DA:30,1
LF:16
LH:16
end_of_record
SF:lib/domain/value_objects/forecast_time.dart
DA:6,11
DA:10,33
DA:11,33
DA:17,15
DA:18,0
DA:19,0
LF:6
LH:4
end_of_record
SF:lib/domain/value_objects/temperature.dart
DA:12,11
DA:15,22
DA:16,11
DA:17,12
DA:18,19
DA:19,9
DA:27,1
DA:28,2
LF:8
LH:8
end_of_record
SF:lib/domain/value_objects/wind_speed.dart
DA:10,11
DA:11,33
DA:12,11
DA:13,11
DA:20,1
DA:21,2
LF:6
LH:6
end_of_record
SF:lib/presentation/bloc/weather_state.dart
DA:10,0
DA:13,0
DA:14,0
LF:3
LH:0
end_of_record
SF:lib/presentation/bloc/current_weather/current_weather_cubit.dart
DA:7,2
DA:9,4
DA:13,2
DA:14,4
DA:17,4
DA:18,2
DA:21,2
DA:22,2
DA:24,4
LF:9
LH:9
end_of_record
SF:lib/presentation/bloc/current_weather/current_weather_state.dart
DA:6,2
DA:7,2
DA:11,1
DA:14,1
DA:15,2
DA:19,2
DA:21,0
DA:22,0
DA:23,1
DA:24,2
LF:10
LH:8
end_of_record
SF:lib/presentation/bloc/weather_forecast/weather_forecast_cubit.dart
DA:7,2
DA:9,4
DA:13,2
DA:14,4
DA:17,4
DA:18,2
DA:21,2
DA:22,2
DA:24,4
LF:9
LH:9
end_of_record
SF:lib/presentation/bloc/weather_forecast/weather_forecast_state.dart
DA:6,2
DA:7,2
DA:11,1
DA:14,1
DA:15,2
DA:19,2
DA:21,0
DA:22,0
DA:23,1
DA:24,2
LF:10
LH:8
end_of_record
SF:lib/presentation/components/molecules/header/page_header_widget.dart
DA:7,2
DA:14,2
DA:16,2
DA:17,2
DA:18,2
DA:24,2
DA:26,2
DA:27,2
DA:29,2
DA:30,4
DA:35,2
DA:36,4
DA:37,2
DA:38,4
DA:40,4
DA:45,2
DA:47,2
DA:48,2
DA:49,2
DA:50,2
DA:51,2
DA:52,2
DA:53,2
LF:23
LH:23
end_of_record
SF:lib/presentation/components/molecules/tile/atoms/date_container.dart
DA:6,2
DA:9,2
DA:11,4
DA:12,4
DA:13,8
DA:14,6
DA:15,2
DA:17,2
DA:19,2
DA:20,2
DA:21,2
DA:22,6
DA:26,2
DA:27,2
DA:28,2
DA:29,4
DA:32,2
DA:33,6
DA:37,2
DA:38,2
DA:39,2
DA:40,8
DA:43,2
LF:23
LH:23
end_of_record
SF:lib/presentation/components/molecules/tile/atoms/temperature_indicator.dart
DA:7,3
DA:12,3
DA:14,3
DA:16,12
DA:21,3
DA:24,6
DA:25,3
DA:27,3
DA:28,3
DA:30,3
DA:31,3
DA:32,15
DA:33,12
DA:37,3
DA:39,3
DA:40,3
DA:42,6
DA:44,3
DA:45,18
DA:46,15
LF:20
LH:20
end_of_record
SF:lib/presentation/components/molecules/tile/atoms/weather_conditions_container.dart
DA:7,2
DA:11,2
DA:13,4
DA:14,2
DA:15,4
DA:16,2
DA:17,6
DA:22,1
DA:25,1
DA:27,1
DA:31,1
DA:32,1
DA:35,4
DA:36,3
DA:38,1
DA:41,4
DA:42,3
DA:44,1
DA:48,4
DA:49,3
DA:52,1
DA:55,1
DA:62,1
DA:63,3
DA:64,1
DA:65,3
DA:66,1
DA:67,1
DA:69,2
DA:70,1
DA:72,1
DA:81,2
DA:89,2
DA:91,2
DA:94,2
DA:95,2
DA:96,2
DA:97,8
DA:98,8
DA:99,2
DA:101,2
DA:102,6
DA:103,4
DA:104,2
DA:105,4
DA:108,8
DA:112,6
LF:47
LH:47
end_of_record
SF:lib/presentation/components/molecules/tile/atoms/wind_speed_indicator.dart
DA:7,3
DA:11,3
DA:13,3
DA:15,3
DA:16,9
DA:17,3
DA:18,12
DA:19,18
LF:8
LH:8
end_of_record
SF:lib/presentation/components/molecules/tile/day_forecast_widget.dart
DA:6,1
DA:10,1
DA:12,2
DA:13,1
DA:14,2
DA:15,1
DA:18,1
DA:19,3
DA:21,3
LF:9
LH:9
end_of_record
SF:lib/presentation/extensions/color_extensions.dart
DA:6,4
DA:7,4
DA:8,4
DA:9,4
DA:10,1
DA:17,4
DA:18,4
DA:19,4
DA:20,1
DA:21,1
LF:10
LH:10
end_of_record
SF:lib/presentation/extensions/widget_extensions.dart
DA:4,3
DA:5,3
DA:7,3
DA:10,9
DA:18,4
DA:19,0
LF:6
LH:5
end_of_record
SF:lib/presentation/weather_forecast_page.dart
DA:8,1
DA:17,1
DA:18,1
DA:24,1
DA:26,1
DA:27,3
DA:28,3
DA:29,4
DA:30,4
DA:33,1
DA:35,2
DA:36,2
DA:37,1
DA:40,1
DA:42,1
DA:43,1
DA:44,1
DA:45,1
DA:46,1
DA:47,5
DA:48,1
DA:50,1
DA:51,2
DA:54,1
DA:56,1
DA:57,2
DA:69,1
DA:74,1
DA:76,3
DA:77,1
DA:78,2
DA:80,1
DA:81,2
DA:82,1
DA:85,1
DA:86,1
DA:87,1
DA:88,1
DA:89,4
DA:92,1
DA:93,1
DA:94,1
DA:95,3
DA:96,2
DA:98,2
DA:100,0
DA:101,0
DA:103,0
DA:104,0
DA:105,0
DA:106,0
DA:107,0
DA:119,19
DA:121,1
DA:131,19
DA:133,0
LF:56
LH:48
end_of_record
